2025-04-11 15:46:44,777 INFO Calculation counts
2025-04-11 15:46:44,777 INFO Calculation fractions
2025-04-11 15:46:44,777 INFO Analytics 3 predict
2025-04-11 15:46:44,777 INFO Calculation counts
2025-04-11 15:48:53,672 INFO Calculation counts
2025-04-11 15:48:53,672 INFO Calculation fractions
2025-04-11 15:48:53,672 INFO Analytics 3 predict
2025-04-11 15:48:53,672 INFO Calculation counts
2025-04-11 15:48:54,260 ERROR Don`t send message, status code: 404
2025-04-11 15:52:13,079 INFO Calculation counts
2025-04-11 15:52:13,079 INFO Calculation fractions
2025-04-11 15:52:13,079 INFO Analytics 3 predict
2025-04-11 15:52:13,079 INFO Calculation counts
2025-04-11 15:52:13,731 ERROR Don`t send message, status code: 404
2025-04-11 16:00:18,316 INFO Calculation counts
2025-04-11 16:00:18,316 INFO Calculation fractions
2025-04-11 16:00:18,316 INFO Analytics 3 predict
2025-04-11 16:00:18,316 INFO Calculation counts
2025-04-11 16:00:19,718 ERROR Don`t send message, status code: 404
2025-04-11 16:08:28,691 INFO Calculation counts
2025-04-11 16:08:28,692 INFO Calculation fractions
2025-04-11 16:08:28,692 INFO Analytics 3 predict
2025-04-11 16:08:28,692 INFO Calculation counts
2025-04-11 16:08:45,500 INFO Send message
